<?xml version="1.0" encoding="UTF-8"?>
<testsuite name="CakeProblemTest" tests="3" skipped="0" failures="0" errors="0" timestamp="2015-08-25T00:16:04" hostname="klein-ubuntu" time="0.002">
  <properties/>
  <testcase name="testCake1" classname="CakeProblemTest" time="0.001"/>
  <testcase name="testCake2" classname="CakeProblemTest" time="0.0"/>
  <testcase name="testCake3" classname="CakeProblemTest" time="0.0"/>
  <system-out><![CDATA[]]></system-out>
  <system-err><![CDATA[]]></system-err>
</testsuite>
